<?xml version="1.0" encoding="UTF-8"?>
<!-- Generated by org.testng.reporters.JUnitReportReporter -->
<testsuite skipped="0" hostname="CHARLIE" name="SeleniumProject.FirstProject.validateTitleTest" tests="2" failures="0" timestamp="2020-08-13T19:12:32 IST" time="0.290" errors="0">
  <testcase name="ValidateTitle" time="0.201" classname="SeleniumProject.FirstProject.validateTitleTest"/>
  <system-out/>
  <testcase name="validateSubTitle" time="0.089" classname="SeleniumProject.FirstProject.validateTitleTest"/>
  <system-out/>
</testsuite> <!-- SeleniumProject.FirstProject.validateTitleTest -->
