<?xml version="1.0" encoding="UTF-8"?>
<!-- Generated by org.testng.reporters.JUnitReportReporter -->
<testsuite skipped="0" hostname="CHARLIE" name="SeleniumProject.FirstProject.Testcase01" tests="2" failures="0" timestamp="2020-08-13T12:39:02 IST" time="1.450" errors="0">
  <testcase name="checkLoginPage" time="0.791" classname="SeleniumProject.FirstProject.Testcase01"/>
  <system-out/>
  <testcase name="checkLoginPage" time="0.659" classname="SeleniumProject.FirstProject.Testcase01"/>
  <system-out/>
</testsuite> <!-- SeleniumProject.FirstProject.Testcase01 -->
