<?xml version="1.0" encoding="UTF-8"?>
<!-- Generated by org.testng.reporters.JUnitReportReporter -->
<testsuite skipped="0" hostname="CHARLIE" name="SeleniumProject.FirstProject.Testcase01" tests="2" failures="0" timestamp="2020-08-13T18:19:32 IST" time="1.625" errors="0">
  <testcase name="checkLoginPage" time="0.844" classname="SeleniumProject.FirstProject.Testcase01"/>
  <system-out/>
  <testcase name="checkLoginPage" time="0.781" classname="SeleniumProject.FirstProject.Testcase01"/>
  <system-out/>
</testsuite> <!-- SeleniumProject.FirstProject.Testcase01 -->
