<?xml version="1.0" encoding="UTF-8"?>
<!-- Generated by org.testng.reporters.JUnitReportReporter -->
<testsuite skipped="0" hostname="CHARLIE" name="SeleniumProject.FirstProject.validateTitleTest" tests="1" failures="0" timestamp="2020-08-13T18:19:32 IST" time="0.071" errors="0">
  <testcase name="ValidateTitle" time="0.071" classname="SeleniumProject.FirstProject.validateTitleTest"/>
  <system-out/>
</testsuite> <!-- SeleniumProject.FirstProject.validateTitleTest -->
